<?xml version="1.0" encoding="UTF-8"?>
<!-- Generated by org.testng.reporters.JUnitReportReporter -->
<testsuite hostname="DESKTOP-PPMKO0L" failures="0" tests="1" name="com.runner.TestRunner" time="6.130" errors="0" timestamp="2023-03-22T09:01:12 IST" skipped="0">
  <testcase classname="com.runner.TestRunner" name="runScenario" time="6.130"/>
  <system-out/>
</testsuite> <!-- com.runner.TestRunner -->
